        -:    0:Source:C:/Users/Andrei/Documents/GitHub/a45-916-Popa-Andrei-Calin_1/headers/Tutorial.h
        -:    0:Graph:C:\Users\Andrei\Documents\GitHub\a45-916-Popa-Andrei-Calin_1\cmake-build-debug-coverage\CMakeFiles\a45_916_Popa_Andrei_Calin_tmp.dir\Controller.cpp.gcno
        -:    0:Data:C:\Users\Andrei\Documents\GitHub\a45-916-Popa-Andrei-Calin_1\cmake-build-debug-coverage\CMakeFiles\a45_916_Popa_Andrei_Calin_tmp.dir\Controller.cpp.gcda
        -:    0:Runs:1
        -:    0:Programs:1
        -:    1://
        -:    2:// Created by Andrei on 3/21/2021.
        -:    3://
        -:    4:
        -:    5:#pragma once
        -:    6:#pragma once
        -:    7:
        -:    8:#include <iostream>
        -:    9:
        -:   10:class Duration {
        -:   11:private:
        -:   12:    double minutes;
        -:   13:    double seconds;
        -:   14:public:
        -:   15:    // default constructor
        -:   16:    Duration() : minutes(0), seconds(0) {};
        -:   17:
        -:   18:    // constructor
       11:   19:    Duration(double min, double sec) : minutes(min), seconds(sec) {};
        -:   20:
        2:   21:    double getMinutes() const { return minutes; }
        2:   21-block  0
        -:   22:
        2:   23:    double getSeconds() const { return seconds; }
        2:   23-block  0
        -:   24:
        -:   25:    void setMinutes(double min) { minutes = min; }
        -:   26:
        -:   27:    void setSeconds(double sec) { seconds = sec; }
        -:   28:};
        -:   29:
        -:   30:class Tutorial {
        -:   31:private:
        -:   32:    std::string title;
        -:   33:    std::string presenter;
        -:   34:    Duration duration;
        -:   35:    long numberOfLikes;
        -:   36:    std::string source;
        -:   37:    long noViews;
        -:   38:public:
        -:   39:    // default constructor
        -:   40:    Tutorial();
        -:   41:
        -:   42:    // constructor
        -:   43:    Tutorial(const std::string &title, const std::string &presenter, const Duration &duration, const double &noLikes,
        -:   44:             const std::string &source, const double &noViews = 0);
        -:   45:
       66:   46:    std::string getTitle() const { return title; }
       66:   46-block  0
        -:   47:
      144:   48:    std::string getPresenter() const { return presenter; }
      144:   48-block  0
        -:   49:
        4:   50:    Duration getDuration() const { return duration; }
        4:   50-block  0
        -:   51:
       19:   52:    std::string getSource() const { return source; }
       19:   52-block  0
        -:   53:
        5:   54:    double getNoLikes() const { return numberOfLikes; }
        5:   54-block  0
        -:   55:
        -:   56:    long getNoViews() const { return noViews; }
        -:   57:
        -:   58:    void open();
        -:   59:
        -:   60:    bool operator<(int value);
        -:   61:
        2:   62:    void like() { numberOfLikes++; }
        -:   63:};
