        -:    0:Source:C:/Users/Andrei/Documents/GitHub/a45-916-Popa-Andrei-Calin_1/Iterator.cpp
        -:    0:Graph:C:\Users\Andrei\Documents\GitHub\a45-916-Popa-Andrei-Calin_1\cmake-build-debug-coverage\CMakeFiles\a45_916_Popa_Andrei_Calin_tmp.dir\Iterator.cpp.gcno
        -:    0:Data:C:\Users\Andrei\Documents\GitHub\a45-916-Popa-Andrei-Calin_1\cmake-build-debug-coverage\CMakeFiles\a45_916_Popa_Andrei_Calin_tmp.dir\Iterator.cpp.gcda
        -:    0:Runs:1
        -:    0:Programs:1
        -:    1://
        -:    2:// Created by Andrei on 3/27/2021.
        -:    3://
        -:    4:
        -:    5:#include "headers/Iterator.h"
        -:    6:
        4:    7:Iterator::Iterator() {
        4:    7-block  0
        4:    8:    this->current = 0;
        4:    9:}
        -:   10:
        5:   11:void Iterator::add(const Tutorial &tut) {
        5:   12:    this->tutorials.add(tut);
        5:   12-block  0
        5:   13:}
        -:   14:
        9:   15:Tutorial Iterator::getCurrent() {
        9:   16:    if (this->current == this->tutorials.getSize())
        9:   16-block  0
        2:   17:        this->current = 0;
        2:   17-block  0
        9:   18:    return this->tutorials[this->current];
        9:   18-block  0
        -:   19:}
        -:   20:
        3:   21:void Iterator::open() {
        3:   22:    if (this->tutorials.getSize() == 0)
        3:   22-block  0
        1:   23:        return;
        1:   23-block  0
        2:   24:    this->current = 0;
        4:   25:    Tutorial currentTutorial = this->getCurrent();
        2:   25-block  0
        2:   25-block  1
    $$$$$:   25-block  2
        2:   26:    currentTutorial.open();
        2:   26-block  0
        -:   27:}
        -:   28:
        2:   29:void Iterator::next() {
        2:   30:    if (this->tutorials.getSize() == 0)
        2:   30-block  0
        1:   31:        return;
        1:   31-block  0
        -:   32:
        1:   33:    this->current++;
        2:   34:    Tutorial currentTut = this->getCurrent();
        1:   34-block  0
        1:   34-block  1
    $$$$$:   34-block  2
        1:   35:    currentTut.open();
        1:   35-block  0
        -:   36:}
        -:   37:
        6:   38:bool Iterator::isEmpty() {
        6:   39:    return this->tutorials.getSize() == 0;
        6:   39-block  0
        -:   40:}
        -:   41:
        5:   42:void Iterator::emptyIterator() {
        5:   43:    while (!this->isEmpty())
        5:   43-block  0
        1:   44:        this->tutorials.deleteElem(0);
        1:   44-block  0
        4:   45:}
