        -:    0:Source:C:/Users/Andrei/Documents/GitHub/a45-916-Popa-Andrei-Calin_1/headers/DynamicVector.h
        -:    0:Graph:C:\Users\Andrei\Documents\GitHub\a45-916-Popa-Andrei-Calin_1\cmake-build-debug-coverage\CMakeFiles\a45_916_Popa_Andrei_Calin_tmp.dir\Tests.cpp.gcno
        -:    0:Data:C:\Users\Andrei\Documents\GitHub\a45-916-Popa-Andrei-Calin_1\cmake-build-debug-coverage\CMakeFiles\a45_916_Popa_Andrei_Calin_tmp.dir\Tests.cpp.gcda
        -:    0:Runs:1
        -:    0:Programs:1
        -:    1://
        -:    2:// Created by Andrei on 3/21/2021.
        -:    3://
        -:    4:
        -:    5:#pragma once
        -:    6:
        -:    7:#include <iostream>
        -:    8:#include <assert.h>
        -:    9:
        -:   10:template<class T>
        -:   11:class DynamicVector {
        -:   12:private:
        -:   13:    T *array;
        -:   14:    unsigned int size;
        -:   15:    unsigned int capacity;
        -:   16:    static const unsigned int DEFAULT_CAPACITY = 10;
        -:   17:
        -:   18:    void resize();
        -:   19:
        -:   20:public:
        -:   21:    // constructor
        -:   22:    DynamicVector();
        -:   23:
        -:   24:    DynamicVector(unsigned int initialCapacity);
        -:   25:
        -:   26:    DynamicVector(const DynamicVector &v);
        -:   27:
        -:   28:    ~DynamicVector();
        -:   29:
        -:   30:    // Returns a pointer to an array containing all the elements of the dynamic vector
        -:   31:    T *getAll();
        -:   32:
        -:   33:    // Overloading the [] operator
        -:   34:    T &operator[](unsigned int pos);
        -:   35:
        -:   36:    // operator
        -:   37:    DynamicVector<T> &operator+(const T &classObj);
        -:   38:
        -:   39:    // Deletes an element from a given position
        -:   40:    void deleteElem(unsigned int pos);
        -:   41:
        -:   42:    // Adds an element to the end of the dynamic vector
        -:   43:    void add(const T &item);
        -:   44:
        -:   45:    T *getAllElems() const;
        -:   46:
        -:   47:    // Returns the size of the dynamic vector
        -:   48:    unsigned int getSize();
        -:   49:};
        -:   50:
        -:   51:
        -:   52:template<class T>
    #####:   53:inline DynamicVector<T>::DynamicVector() {
    #####:   54:    capacity = DEFAULT_CAPACITY;
    #####:   55:    size = 0;
    #####:   56:    array = new T[DEFAULT_CAPACITY];
    %%%%%:   56-block  0
    %%%%%:   56-block  1
    %%%%%:   56-block  2
    %%%%%:   56-block  3
    $$$$$:   56-block  4
    $$$$$:   56-block  5
    $$$$$:   56-block  6
        -:   57:
    #####:   58:}
    %%%%%:   58-block  0
        -:   59:
        -:   60:template<class T>
        1:   61:DynamicVector<T>::DynamicVector(unsigned int initialCapacity) {
       1*:   62:    array = new T[initialCapacity];
        1:   62-block  0
        1:   62-block  1
    %%%%%:   62-block  2
        1:   62-block  3
        1:   63:    size = 0;
        1:   64:    capacity = initialCapacity;
        1:   65:}
        -:   66:
        -:   67:template<class T>
       1*:   68:DynamicVector<T>::~DynamicVector() {
       1*:   69:    delete[] array;
       1*:   70:}
------------------
_ZN13DynamicVectorIiED1Ev:
        1:   68:DynamicVector<T>::~DynamicVector() {
        1:   69:    delete[] array;
        1:   69-block  0
        1:   69-block  1
        1:   70:}
------------------
_ZN13DynamicVectorI8TutorialED1Ev:
    #####:   68:DynamicVector<T>::~DynamicVector() {
    #####:   69:    delete[] array;
    %%%%%:   69-block  0
    %%%%%:   69-block  1
    %%%%%:   69-block  2
    %%%%%:   69-block  3
    %%%%%:   69-block  4
    #####:   70:}
------------------
        -:   71:
        -:   72:template<class T>
        -:   73:
       2*:   74:unsigned int DynamicVector<T>::getSize() {
       2*:   75:    return size;
        -:   76:}
------------------
_ZN13DynamicVectorI8TutorialE7getSizeEv:
    #####:   74:unsigned int DynamicVector<T>::getSize() {
    #####:   75:    return size;
    %%%%%:   75-block  0
        -:   76:}
------------------
_ZN13DynamicVectorIiE7getSizeEv:
        2:   74:unsigned int DynamicVector<T>::getSize() {
        2:   75:    return size;
        2:   75-block  0
        -:   76:}
------------------
        -:   77:
        -:   78:template<class T>
        -:   79:T *DynamicVector<T>::getAll() {
        -:   80:    return array;
        -:   81:}
        -:   82:
        -:   83:
        -:   84:template<class T>
       3*:   85:T &DynamicVector<T>::operator[](unsigned int index) {
       3*:   86:    return array[index];
        -:   87:}
------------------
_ZN13DynamicVectorI8TutorialEixEj:
    #####:   85:T &DynamicVector<T>::operator[](unsigned int index) {
    #####:   86:    return array[index];
    %%%%%:   86-block  0
        -:   87:}
------------------
_ZN13DynamicVectorIiEixEj:
        3:   85:T &DynamicVector<T>::operator[](unsigned int index) {
        3:   86:    return array[index];
        3:   86-block  0
        -:   87:}
------------------
        -:   88:
        -:   89:template<class T>
    #####:   90:DynamicVector<T>::DynamicVector(const DynamicVector &v) {
    #####:   91:    this->size = v.size;
    #####:   92:    this->capacity = v.capacity;
    #####:   93:    this->array = new T[this->capacity];
    %%%%%:   93-block  0
    %%%%%:   93-block  1
    %%%%%:   93-block  2
    %%%%%:   93-block  3
    %%%%%:   93-block  4
    %%%%%:   93-block  5
    %%%%%:   93-block  6
    $$$$$:   93-block  7
    $$$$$:   93-block  8
    $$$$$:   93-block  9
    $$$$$:   93-block 10
    $$$$$:   93-block 11
    $$$$$:   93-block 12
    #####:   94:    for (int i = 0; i < this->size; i++)
    %%%%%:   94-block  0
    %%%%%:   94-block  1
    #####:   95:        this->array[i] = v.array[i];
    %%%%%:   95-block  0
    #####:   96:}
    %%%%%:   96-block  0
        -:   97:
        -:   98:template<class T>
        3:   99:void DynamicVector<T>::resize() {
        3:  100:    this->capacity ++;
        -:  101:
       3*:  102:    T *els = new T[this->capacity];
        3:  102-block  0
        3:  102-block  1
    %%%%%:  102-block  2
        3:  102-block  3
       12:  103:    for (int i = 0; i < this->size; i++)
       12:  103-block  0
        9:  104:        els[i] = this->array[i];
        9:  104-block  0
        -:  105:
        3:  106:    delete[] this->array;
        3:  106-block  0
        3:  106-block  1
        3:  107:    this->array = els;
        3:  108:}
        -:  109:
        -:  110:template<class T>
        5:  111:void DynamicVector<T>::add(const T &e) {
        5:  112:    if (this->size == this->capacity)
        5:  112-block  0
        3:  113:        this->resize();
        3:  113-block  0
        5:  114:    this->array[this->size] = e;
        5:  115:    this->size++;
        5:  116:}
        -:  117:
        -:  118:template<class T>
        1:  119:T *DynamicVector<T>::getAllElems() const {
        1:  120:    return this->array;
        1:  120-block  0
        -:  121:}
        -:  122:
        -:  123:
        -:  124:template<class T>
        2:  125:void DynamicVector<T>::deleteElem(unsigned int pos) {
        2:  126:    if (pos < 0 || pos >= this->size)
        2:  126-block  0
        1:  127:        return;
        1:  127-block  0
       1*:  128:    T *els = new T[this->capacity];
        1:  128-block  0
        1:  128-block  1
    %%%%%:  128-block  2
        1:  128-block  3
        2:  129:    for (int i = 0; i < pos; i++) {
        2:  129-block  0
        1:  130:        els[i] = this->array[i];
        1:  130-block  0
        -:  131:    }
        5:  132:    for (int i = pos; i < this->size; i++) {
        1:  132-block  0
        5:  132-block  1
        4:  133:        els[i] = this->array[i + 1];
        4:  133-block  0
        -:  134:    }
        1:  135:    delete[] this->array;
        1:  135-block  0
        1:  135-block  1
        1:  136:    this->array = els;
        1:  137:    this->size--;
        1:  137-block  0
        -:  138:}
        -:  139:
        -:  140:template<class T>
        1:  141:DynamicVector<T> &DynamicVector<T>::operator+(const T &classObj) {
        1:  142:    this->add(classObj);
        1:  142-block  0
        1:  143:    return *this;
        -:  144:}
        -:  145:
        -:  146:template<class T>
        1:  147:DynamicVector<T> &operator+(const T &classObj, DynamicVector<T> &s) {
        1:  148:    s.add(classObj);
        1:  148-block  0
        1:  149:    return s;
        -:  150:}
        -:  151:
