        -:    0:Source:C:/Users/Andrei/Documents/GitHub/a45-916-Popa-Andrei-Calin_1/headers/Repo.h
        -:    0:Graph:C:\Users\Andrei\Documents\GitHub\a45-916-Popa-Andrei-Calin_1\cmake-build-debug-coverage\CMakeFiles\a45_916_Popa_Andrei_Calin_tmp.dir\UI.cpp.gcno
        -:    0:Data:C:\Users\Andrei\Documents\GitHub\a45-916-Popa-Andrei-Calin_1\cmake-build-debug-coverage\CMakeFiles\a45_916_Popa_Andrei_Calin_tmp.dir\UI.cpp.gcda
        -:    0:Runs:1
        -:    0:Programs:1
        -:    1://
        -:    2:// Created by Andrei on 3/21/2021.
        -:    3://
        -:    4:
        -:    5:#pragma once
        -:    6:
        -:    7:#include "DynamicVector.h"
        -:    8:#include "Tutorial.h"
        -:    9:
        -:   10:class Repository {
        -:   11:private:
        -:   12:    DynamicVector <Tutorial> tutorials;
        -:   13:
        -:   14:public:
        -:   15:    /*
        -:   16:    *Default constructor.
        -:   17:    *Initializes an object of type repository.
        -:   18:    */
        -:   19:    Repository() {}
        -:   20:    //~Repository();
        -:   21:
        -:   22:    /*
        -:   23:    *Adds a tutorial to the repository.
        -:   24:    *Input: tutorial.
        -:   25:    *Output: (bool) true if tutorial is added to the repository
        -:   26:    *        false if it's not
        -:   27:    */
        -:   28:    bool addTutorial(const Tutorial &t);
        -:   29:
        -:   30:    /*
        -:   31:    *Finds a tutorial, by presenter and title.
        -:   32:    *Input: (str) presenter, title
        -:   33:    *Output: the tutorial that was found
        -:   34:    *       false if nothing was found.
        -:   35:    */
        -:   36:    Tutorial findByPresenterAndTitle(const std::string &presenter, const std::string &title);
        -:   37:
        -:   38:    /*
        -:   39:    *Returns all the tutorials from the repository.
        -:   40:    *Out: DynamicVector<Tutorial>
        -:   41:    */
    #####:   42:    DynamicVector <Tutorial> getTutorials() { return tutorials; }
    %%%%%:   42-block  0
        -:   43:
        -:   44:    /*
        -:   45:    *Removes a tutorial from repository by presenter and title.
        -:   46:    *Input: (str) presenter, title
        -:   47:    *Output: (bool) true the tutorial is removed from the repository
        -:   48:    *        false if it's not
        -:   49:    */
        -:   50:    bool removeTutorial(const std::string &presenter, const std::string &title);
        -:   51:
        -:   52:    /*
        -:   53:    *Finds a tutorial
        -:   54:    *Input: presenter, title - string
        -:   55:    *Output: its position in the dynamic vector
        -:   56:    */
        -:   57:    int findPosOfTutorial(const Tutorial &t);
        -:   58:};
