        -:    0:Source:C:/Users/Andrei/Documents/GitHub/a45-916-Popa-Andrei-Calin_1/UI.cpp
        -:    0:Graph:C:\Users\Andrei\Documents\GitHub\a45-916-Popa-Andrei-Calin_1\cmake-build-debug-coverage\CMakeFiles\a45_916_Popa_Andrei_Calin_tmp.dir\UI.cpp.gcno
        -:    0:Data:C:\Users\Andrei\Documents\GitHub\a45-916-Popa-Andrei-Calin_1\cmake-build-debug-coverage\CMakeFiles\a45_916_Popa_Andrei_Calin_tmp.dir\UI.cpp.gcda
        -:    0:Runs:1
        -:    0:Programs:1
        -:    1://
        -:    2:// Created by Andrei on 3/21/2021.
        -:    3://
        -:    4:
        -:    5:#include "headers/UI.h"
        -:    6:#include <string>
        -:    7:#include "headers/Tests.h"
        -:    8:
        -:    9:
        -:   10:using namespace std;
        -:   11:
        1:   12:void UI::printMenu() {
        1:   13:    cout << endl;
        1:   13-block  0
        1:   14:    cout << "____________________MENU_____________________" << endl;
        1:   15:    cout << "\t 1 - ADMIN mode" << endl;
        1:   16:    cout << "\t 2 - USER mode" << endl;
        1:   17:    cout << "\t 3 - Run tests" << endl;
        1:   18:    cout << "\t 0 - Exit" << endl;
        1:   19:    cout << "_____________________________________________" << endl;
        1:   20:}
        -:   21:
    #####:   22:void UI::printRepositoryMenu() {
    #####:   23:    cout << endl << "_________________COMMANDS__________________" << endl;
    %%%%%:   23-block  0
    #####:   24:    cout << "\t 1 - Add tutorial" << endl;
    #####:   25:    cout << "\t 2 - Print all" << endl;
    #####:   26:    cout << "\t 3 - Delete tutorial" << endl;
    #####:   27:    cout << "\t 4 - Update tutorial" << endl;
    #####:   28:    cout << "\t 0 - Return to main menu" << endl;
    #####:   29:    cout << "_____________________________________________" << endl;
    #####:   30:}
        -:   31:
        -:   32:
    #####:   33:void UI::addTutorialToRepo() {
    #####:   34:    cout << "Presenter: ";
    %%%%%:   34-block  0
    #####:   35:    std::string presenter;
    %%%%%:   35-block  0
    $$$$$:   35-block  1
    #####:   36:    getline(cin, presenter);
    #####:   37:    cout << "Title: ";
    %%%%%:   37-block  0
    #####:   38:    std::string title;
    %%%%%:   38-block  0
    $$$$$:   38-block  1
    #####:   39:    getline(cin, title);
        -:   40:    double minutes, seconds, noLikes, noViews;
        -:   41:    char min[10], sec[10];
    #####:   42:    cout << "Enter the duration: " << endl;
    %%%%%:   42-block  0
    %%%%%:   42-block  1
    #####:   43:    cout << "\tMinutes: ";
    %%%%%:   43-block  0
    #####:   44:    cin >> min;
    %%%%%:   44-block  0
    #####:   45:    if (!isdigit(min[0])) {
    %%%%%:   45-block  0
    #####:   46:        cout << "Invalid input!";
    %%%%%:   46-block  0
    #####:   47:        return;
    %%%%%:   47-block  0
        -:   48:    }
    #####:   49:    minutes = atoi(min);
    %%%%%:   49-block  0
    #####:   50:    cin.ignore();
    #####:   51:    cout << "\tSeconds: ";
    %%%%%:   51-block  0
    #####:   52:    cin >> sec;
    %%%%%:   52-block  0
    #####:   53:    if (!isdigit(sec[0])) {
    %%%%%:   53-block  0
    #####:   54:        cout << "Invalid input!";
    %%%%%:   54-block  0
    #####:   55:        return;
    %%%%%:   55-block  0
        -:   56:    }
    #####:   57:    seconds = atoi(sec);
    %%%%%:   57-block  0
    #####:   58:    cin.ignore();
    #####:   59:    cout << "\tLikes: ";
    %%%%%:   59-block  0
    #####:   60:    cin >> noLikes;
    %%%%%:   60-block  0
    #####:   61:    cin.ignore();
    %%%%%:   61-block  0
    #####:   62:    cout << "\tViews: ";
    %%%%%:   62-block  0
    #####:   63:    cin >> noViews;
    %%%%%:   63-block  0
    #####:   64:    cin.ignore();
    %%%%%:   64-block  0
    #####:   65:    cout << "Link to the tutorial: ";
    %%%%%:   65-block  0
    #####:   66:    std::string link;
    %%%%%:   66-block  0
    %%%%%:   66-block  1
    $$$$$:   66-block  2
    #####:   67:    getline(cin, link);
        -:   68:
    #####:   69:    if (this->ctrl.addTutorialToRepository(presenter, title, minutes, seconds, noLikes, link, noViews))
    %%%%%:   69-block  0
    %%%%%:   69-block  1
    #####:   70:        cout << "Tutorial added successfully!" << endl;
    %%%%%:   70-block  0
    %%%%%:   70-block  1
        -:   71:    else
    #####:   72:        cout << "Cannot add tutorial!";
    %%%%%:   72-block  0
        -:   73:}
        -:   74:
    #####:   75:void UI::deleteTutorialFromRepo() {
    #####:   76:    cout << "Presenter: ";
    %%%%%:   76-block  0
    #####:   77:    std::string presenter;
    %%%%%:   77-block  0
    $$$$$:   77-block  1
    #####:   78:    getline(cin, presenter);
    #####:   79:    cout << "Title: ";
    %%%%%:   79-block  0
    #####:   80:    std::string title;
    %%%%%:   80-block  0
    %%%%%:   80-block  1
    $$$$$:   80-block  2
    #####:   81:    getline(cin, title);
    #####:   82:    if (this->ctrl.removeTutorialFromRepository(presenter, title))
    %%%%%:   82-block  0
    %%%%%:   82-block  1
    #####:   83:        cout << "The tutorial was removed successfully!";
    %%%%%:   83-block  0
        -:   84:    else
    #####:   85:        cout << "Cannot find the tutorial!" << endl;
    %%%%%:   85-block  0
    %%%%%:   85-block  1
    #####:   86:}
        -:   87:
    #####:   88:void UI::updateTutorialFromRepo() {
    #####:   89:    cout << "Presenter: ";
    %%%%%:   89-block  0
    #####:   90:    std::string presenter;
    %%%%%:   90-block  0
    $$$$$:   90-block  1
    #####:   91:    getline(cin, presenter);
    #####:   92:    cout << "Title: ";
    %%%%%:   92-block  0
    #####:   93:    std::string title;
    %%%%%:   93-block  0
    $$$$$:   93-block  1
    #####:   94:    getline(cin, title);
    #####:   95:    cout << "New presenter: ";
    %%%%%:   95-block  0
    #####:   96:    std::string newPresenter;
    %%%%%:   96-block  0
    $$$$$:   96-block  1
    #####:   97:    getline(cin, newPresenter);
    #####:   98:    cout << "New title: ";
    %%%%%:   98-block  0
    #####:   99:    std::string newTitle;
    %%%%%:   99-block  0
    $$$$$:   99-block  1
    #####:  100:    getline(cin, newTitle);
    #####:  101:    double minutes = 0, seconds = 0, noLikes;
        -:  102:    char min[10];
    #####:  103:    cout << "Duration: " << endl;
    %%%%%:  103-block  0
    %%%%%:  103-block  1
    #####:  104:    cout << "\tMinutes: ";
    %%%%%:  104-block  0
    #####:  105:    cin >> min;
    %%%%%:  105-block  0
    #####:  106:    if (!isdigit(min[0])) {
    %%%%%:  106-block  0
    #####:  107:        cout << "Invalid input!";
    %%%%%:  107-block  0
    #####:  108:        return;
    %%%%%:  108-block  0
        -:  109:    }
    #####:  110:    minutes = atoi(min);
    %%%%%:  110-block  0
    #####:  111:    cin.ignore();
    #####:  112:    cout << "\tSeconds: ";
    %%%%%:  112-block  0
    #####:  113:    cin >> seconds;
    %%%%%:  113-block  0
    #####:  114:    cin.ignore();
    %%%%%:  114-block  0
    #####:  115:    cout << "\tNumber of likes: ";
    %%%%%:  115-block  0
    #####:  116:    cin >> noLikes;
    %%%%%:  116-block  0
    #####:  117:    cin.ignore();
    %%%%%:  117-block  0
    #####:  118:    cout << "Link to the tutorial: ";
    %%%%%:  118-block  0
    #####:  119:    std::string link;
    %%%%%:  119-block  0
    %%%%%:  119-block  1
    $$$$$:  119-block  2
    #####:  120:    getline(cin, link);
        -:  121:
        -:  122:
    #####:  123:    if (this->ctrl.updateTutorialFromRepository(presenter, title, minutes, seconds, noLikes, link, newPresenter,
    %%%%%:  123-block  0
    %%%%%:  123-block  1
    %%%%%:  123-block  2
    %%%%%:  123-block  3
    $$$$$:  123-block  4
    $$$$$:  123-block  5
    $$$$$:  123-block  6
    $$$$$:  123-block  7
        -:  124:                                                newTitle))
    #####:  125:        cout << "Tutorial updated successfully!" << endl;
    %%%%%:  125-block  0
    %%%%%:  125-block  1
        -:  126:    else
    #####:  127:        cout << "Could not update tutorial!" << endl;
    %%%%%:  127-block  0
    %%%%%:  127-block  1
        -:  128:
        -:  129:
        -:  130:}
        -:  131:
    #####:  132:void UI::displayAllTutorialsRepo() {
    #####:  133:    DynamicVector<Tutorial> v = this->ctrl.getRepo().getTutorials();
    %%%%%:  133-block  0
    %%%%%:  133-block  1
    $$$$$:  133-block  2
    $$$$$:  133-block  3
    #####:  134:    Tutorial *tutorials = v.getAllElems();
    #####:  135:    if (tutorials == nullptr)
    #####:  136:        return;
    %%%%%:  136-block  0
    #####:  137:    if (v.getSize() == 0) {
    %%%%%:  137-block  0
    #####:  138:        cout << "There are no tutorials in the repository." << endl;
    %%%%%:  138-block  0
    %%%%%:  138-block  1
    #####:  139:        return;
    %%%%%:  139-block  0
        -:  140:    }
        -:  141:
    #####:  142:    UI::printTemplate();
    %%%%%:  142-block  0
    #####:  143:    for (int i = 0; i < v.getSize(); i++) {
    %%%%%:  143-block  0
    %%%%%:  143-block  1
    #####:  144:        cout << i << "  ";
    %%%%%:  144-block  0
    %%%%%:  144-block  1
    #####:  145:        Tutorial t = tutorials[i];
    %%%%%:  145-block  0
    %%%%%:  145-block  1
    $$$$$:  145-block  2
    #####:  146:        UI::printTutorial(t, true);
    %%%%%:  146-block  0
        -:  147:
        -:  148:    }
        -:  149:}
        -:  150:
    #####:  151:void UI::printTemplate() {
    #####:  152:    cout << endl
    %%%%%:  152-block  0
    #####:  153:         << "NO.|____PRESENTER______|________________________TITLE_________________________|_LIKES_|_DURATION_|_VIEWS"
    #####:  154:         << endl;
    #####:  155:}
        -:  156:
    #####:  157:void UI::watchlistPrintTemplate() {
    #####:  158:    cout << endl
    %%%%%:  158-block  0
    #####:  159:         << "|____PRESENTER______|________________________TITLE_________________________|_LIKES_|_DURATION"
    #####:  160:         << endl;
    #####:  161:}
        -:  162:
    #####:  163:void UI::printTutorial(const Tutorial &t, bool flag) {
    #####:  164:    Duration d = t.getDuration();
    %%%%%:  164-block  0
    #####:  165:    cout << "| " << t.getPresenter();
    %%%%%:  165-block  0
    %%%%%:  165-block  1
    %%%%%:  165-block  2
    $$$$$:  165-block  3
    $$$$$:  165-block  4
    #####:  166:    for (int i = 1; i <= 18 - t.getPresenter().length(); i++) cout << " ";
    %%%%%:  166-block  0
    %%%%%:  166-block  1
    %%%%%:  166-block  2
    %%%%%:  166-block  3
        -:  167:
    #####:  168:    cout << "| " << t.getTitle();
    %%%%%:  168-block  0
    %%%%%:  168-block  1
    %%%%%:  168-block  2
    %%%%%:  168-block  3
    $$$$$:  168-block  4
    $$$$$:  168-block  5
    #####:  169:    for (int i = 1; i <= 53 - t.getTitle().length(); i++) cout << " ";
    %%%%%:  169-block  0
    %%%%%:  169-block  1
    %%%%%:  169-block  2
    %%%%%:  169-block  3
        -:  170:
    #####:  171:    cout << "| " << t.getNoLikes();
    %%%%%:  171-block  0
    %%%%%:  171-block  1
    #####:  172:    int length = 1;
    #####:  173:    int x = (int) t.getNoLikes();
    %%%%%:  173-block  0
    #####:  174:    while (x != 0) {
    %%%%%:  174-block  0
    #####:  175:        length++;
    #####:  176:        x /= 10;
    %%%%%:  176-block  0
        -:  177:    }
    #####:  178:    for (int i = 1; i <= 7 - length; i++) cout << " ";
    %%%%%:  178-block  0
    %%%%%:  178-block  1
    %%%%%:  178-block  2
    %%%%%:  178-block  3
        -:  179:
    #####:  180:    cout << "| " << d.getMinutes() << ":" << d.getSeconds();
    %%%%%:  180-block  0
    %%%%%:  180-block  1
    %%%%%:  180-block  2
    %%%%%:  180-block  3
    #####:  181:    length = 1;
    #####:  182:    x = (int) d.getMinutes();
    %%%%%:  182-block  0
    #####:  183:    while (x != 0) {
    %%%%%:  183-block  0
    #####:  184:        length++;
    #####:  185:        x /= 10;
    %%%%%:  185-block  0
        -:  186:    }
    #####:  187:    x = (int) d.getSeconds();
    %%%%%:  187-block  0
    #####:  188:    while (x != 0) {
    %%%%%:  188-block  0
    #####:  189:        length++;
    #####:  190:        x /= 10;
    %%%%%:  190-block  0
        -:  191:    }
    #####:  192:    length++;
    #####:  193:    for (int i = 1; i <= 10 - length; i++) cout << " ";
    %%%%%:  193-block  0
    %%%%%:  193-block  1
    %%%%%:  193-block  2
    %%%%%:  193-block  3
        -:  194:
    #####:  195:    flag && cout << "| " << t.getNoViews();
    %%%%%:  195-block  0
    %%%%%:  195-block  1
    %%%%%:  195-block  2
    %%%%%:  195-block  3
    %%%%%:  195-block  4
    %%%%%:  195-block  5
    %%%%%:  195-block  6
    #####:  196:    cout << endl;
    %%%%%:  196-block  0
    #####:  197:}
    %%%%%:  197-block  0
        -:  198:
    #####:  199:void UI::printWatchListMenu() {
    #####:  200:    cout << endl << "_________________COMMANDS__________________" << endl;
    %%%%%:  200-block  0
    #####:  201:    cout << "\t 1 - Add tutorial to watchlist" << endl;
    #####:  202:    cout << "\t 2 - View watchlist" << endl;
    #####:  203:    cout << "\t 3 - Delete tutorial from watchlist" << endl;
    #####:  204:    cout << "\t 4 - Like tutorial" << endl;
    #####:  205:    cout << "\t 5 - Next tutorial" << endl;
    #####:  206:    cout << "\t 0 - Return to main menu" << endl;
    #####:  207:    cout << "_____________________________________________" << endl;
    #####:  208:}
        -:  209:
    #####:  210:void UI::addTutorialToWatchlist() {
    #####:  211:    this->ctrl.addTutorialToWatchlist(this->ctrl.getCurrentTutorial());
    %%%%%:  211-block  0
    %%%%%:  211-block  1
    $$$$$:  211-block  2
    #####:  212:}
        -:  213:
    #####:  214:void UI::viewWatchlist() {
    #####:  215:    DynamicVector<Tutorial> v = this->ctrl.getWatchlist().getTutorials();
    %%%%%:  215-block  0
    %%%%%:  215-block  1
    $$$$$:  215-block  2
    $$$$$:  215-block  3
    #####:  216:    Tutorial *tutorials = v.getAllElems();
    #####:  217:    if (tutorials == NULL)
    #####:  218:        return;
    %%%%%:  218-block  0
    #####:  219:    if (v.getSize() == 0) {
    %%%%%:  219-block  0
    #####:  220:        cout << "There are no tutorials in the watchlist!" << endl;
    %%%%%:  220-block  0
    %%%%%:  220-block  1
    #####:  221:        return;
    %%%%%:  221-block  0
        -:  222:    }
        -:  223:
    #####:  224:    watchlistPrintTemplate();
    %%%%%:  224-block  0
    #####:  225:    for (int i = 0; i < v.getSize(); i++) {
    %%%%%:  225-block  0
    %%%%%:  225-block  1
    #####:  226:        Tutorial t = tutorials[i];
    %%%%%:  226-block  0
    %%%%%:  226-block  1
    $$$$$:  226-block  2
    #####:  227:        this->printTutorial(t, false);
    %%%%%:  227-block  0
        -:  228:
        -:  229:    }
        -:  230:}
        -:  231:
        1:  232:void UI::run() {
        -:  233:    while (true) {
        1:  234:        UI::printMenu();
        1:  234-block  0
        1:  235:        int command{0};
        1:  236:        cout << "Input command: ";
        1:  236-block  0
        1:  237:        cin >> command;
        1:  237-block  0
        1:  238:        cin.ignore();
        1:  238-block  0
        1:  239:        if (command == 0)
        1:  239-block  0
    #####:  240:            break;
    %%%%%:  240-block  0
        -:  241:
        1:  242:        if (command == 1) {
        1:  242-block  0
        -:  243:            while (true) {
    #####:  244:                UI::printRepositoryMenu();
    %%%%%:  244-block  0
    #####:  245:                int commandRepo{0};
    #####:  246:                cout << "Input command: ";
    %%%%%:  246-block  0
    #####:  247:                cin >> commandRepo;
    %%%%%:  247-block  0
    #####:  248:                cin.ignore();
    %%%%%:  248-block  0
    #####:  249:                if (commandRepo == 0)
    %%%%%:  249-block  0
    #####:  250:                    break;
    %%%%%:  250-block  0
    #####:  251:                switch (commandRepo) {
    %%%%%:  251-block  0
    #####:  252:                    case 1:
    #####:  253:                        this->addTutorialToRepo();
    %%%%%:  253-block  0
    #####:  254:                        break;
    %%%%%:  254-block  0
    #####:  255:                    case 2:
    #####:  256:                        this->displayAllTutorialsRepo();
    %%%%%:  256-block  0
    #####:  257:                        break;
    %%%%%:  257-block  0
    #####:  258:                    case 3:
    #####:  259:                        this->deleteTutorialFromRepo();
    %%%%%:  259-block  0
    #####:  260:                        break;
    %%%%%:  260-block  0
    #####:  261:                    case 4:
    #####:  262:                        this->updateTutorialFromRepo();
    %%%%%:  262-block  0
    #####:  263:                        break;
    %%%%%:  263-block  0
    #####:  264:                    default:
    #####:  265:                        cout << "Invalid input!" << endl;
    %%%%%:  265-block  0
    %%%%%:  265-block  1
        -:  266:                }
    #####:  267:            }
    %%%%%:  267-block  0
        1:  268:        } else if (command == 2) {
        1:  268-block  0
    #####:  269:            std::string presenter{};
    %%%%%:  269-block  0
    $$$$$:  269-block  1
    #####:  270:            cout << "Which presenter would you like to watch? (give no input to parse through all tutorials)" << endl;
    %%%%%:  270-block  0
    #####:  271:            getline(cin, presenter);
    %%%%%:  271-block  0
    #####:  272:            this->ctrl.configIterator(presenter);
    %%%%%:  272-block  0
    #####:  273:            if (this->ctrl.getCurrentTutorial().getPresenter() != "") {
    %%%%%:  273-block  0
    %%%%%:  273-block  1
    %%%%%:  273-block  2
    %%%%%:  273-block  3
    $$$$$:  273-block  4
    $$$$$:  273-block  5
    $$$$$:  273-block  6
    $$$$$:  273-block  7
    #####:  274:                this->ctrl.startIteration();
    %%%%%:  274-block  0
    #####:  275:                watchlistPrintTemplate();
    %%%%%:  275-block  0
    #####:  276:                printTutorial(this->ctrl.getCurrentTutorial(), false);
    %%%%%:  276-block  0
    %%%%%:  276-block  1
    %%%%%:  276-block  2
    $$$$$:  276-block  3
    $$$$$:  276-block  4
        -:  277:            } else {
    #####:  278:                cout << "Sorry no tutorial with that presenter exists" << endl;
    %%%%%:  278-block  0
    %%%%%:  278-block  1
    #####:  279:                continue;
    %%%%%:  279-block  0
        -:  280:            }
    #####:  281:            cout << endl;
    %%%%%:  281-block  0
        -:  282:            while (true) {
    #####:  283:                UI::printWatchListMenu();
    %%%%%:  283-block  0
    #####:  284:                int commandPlaylist{0};
        -:  285:
    #####:  286:                cout << "Input command: ";
    %%%%%:  286-block  0
    #####:  287:                cin >> commandPlaylist;
    %%%%%:  287-block  0
    #####:  288:                if (commandPlaylist == 0)
    %%%%%:  288-block  0
    #####:  289:                    break;
    %%%%%:  289-block  0
    #####:  290:                switch (commandPlaylist) {
    %%%%%:  290-block  0
    #####:  291:                    case 1:
    #####:  292:                        this->addTutorialToWatchlist();
    %%%%%:  292-block  0
    #####:  293:                        break;
    %%%%%:  293-block  0
    #####:  294:                    case 2:
    #####:  295:                        this->viewWatchlist();
    %%%%%:  295-block  0
    #####:  296:                        break;
    %%%%%:  296-block  0
    #####:  297:                    case 3: {
    #####:  298:                        if (this->ctrl.deleteTutorialFromWatchlist(this->ctrl.getCurrentTutorial()))
    %%%%%:  298-block  0
    %%%%%:  298-block  1
    %%%%%:  298-block  2
    $$$$$:  298-block  3
    $$$$$:  298-block  4
    #####:  299:                            cout << "Tutorial deleted from watchlist!" << endl;
    %%%%%:  299-block  0
    %%%%%:  299-block  1
        -:  300:                        else
    #####:  301:                            cout << "Tutorial is not in playlist!" << endl;
    %%%%%:  301-block  0
    %%%%%:  301-block  1
    #####:  302:                        break;
    %%%%%:  302-block  0
        -:  303:                    }
    #####:  304:                    case 5: {
    #####:  305:                        this->ctrl.next();
    %%%%%:  305-block  0
    #####:  306:                        watchlistPrintTemplate();
    %%%%%:  306-block  0
    #####:  307:                        this->printTutorial(this->ctrl.getCurrentTutorial(), false);
    %%%%%:  307-block  0
    %%%%%:  307-block  1
    %%%%%:  307-block  2
    $$$$$:  307-block  3
    $$$$$:  307-block  4
    #####:  308:                        break;
        -:  309:                    }
    #####:  310:                    case 4: {
    #####:  311:                        this->ctrl.likeTutorial();
    %%%%%:  311-block  0
    #####:  312:                        break;
    %%%%%:  312-block  0
        -:  313:                    }
    #####:  314:                    default:
    #####:  315:                        cout << "Invalid input!" << endl;
    %%%%%:  315-block  0
    %%%%%:  315-block  1
        -:  316:                }
    #####:  317:            }
    %%%%%:  317-block  0
        1:  318:        } else if (command == 3) {
        1:  318-block  0
        1:  319:            test_all();
        1:  319-block  0
        1:  320:            cout << endl << "Successfully ran all tests!" << endl;
        1:  320-block  0
        1:  320-block  1
        1:  320-block  2
        1:  321:            break;
        1:  321-block  0
    #####:  322:        } else cout << "\t Invalid input!" << endl;
    %%%%%:  322-block  0
    %%%%%:  322-block  1
    #####:  323:    }
    %%%%%:  323-block  0
        1:  324:}
        1:  324-block  0
